[INFO] Scanning for projects...
[INFO] ------------------------------------------------------------------------
[INFO] Reactor Build Order:
[INFO] 
[INFO] ZXing                                                              [pom]
[INFO] ZXing Core                                                         [jar]
[INFO] ZXing Java SE extensions                                           [jar]
[INFO] ZXing zxing.org web app                                            [war]
[INFO] 
[INFO] -------------------< com.google.zxing:zxing-parent >--------------------
[INFO] Building ZXing 3.5.4-SNAPSHOT                                      [1/4]
[INFO]   from pom.xml
[INFO] --------------------------------[ pom ]---------------------------------
[INFO] 
[INFO] --- clean:3.3.2:clean (default-clean) @ zxing-parent ---
[INFO] Deleting C:\Users\Henrique\Documents\Github\reimo\pilot\data\repositories\zxing-master\target
[INFO] Deleting C:\Users\Henrique\Documents\Github\reimo\pilot\data\repositories\zxing-master (includes = [**/classes/**, **/gwt-unitCache/**, **/webapp/generator/**, **/WEB-INF/deploy/**], excludes = [])
[INFO] 
[INFO] --- enforcer:3.4.1:enforce (enforce) @ zxing-parent ---
[INFO] Rule 0: org.apache.maven.enforcer.rules.dependency.RequireUpperBoundDeps passed
[INFO] Rule 1: org.apache.maven.enforcer.rules.dependency.DependencyConvergence passed
[INFO] Rule 2: org.apache.maven.enforcer.rules.version.RequireMavenVersion passed
[INFO] Rule 3: org.apache.maven.enforcer.rules.version.RequireJavaVersion passed
[INFO] 
[INFO] --- checkstyle:3.3.1:check (validate) @ zxing-parent ---
[INFO] 
[INFO] --- javadoc:3.6.3:jar (attach-javadocs) @ zxing-parent ---
[INFO] Not executing Javadoc as the project is not a Java classpath-capable package
[INFO] 
[INFO] --- source:3.3.0:jar-no-fork (attach-sources) @ zxing-parent ---
[INFO] 
[INFO] >>> clirr:2.8:check (check-api) > compile @ zxing-parent >>>
[INFO] 
[INFO] --- enforcer:3.4.1:enforce (enforce) @ zxing-parent ---
[INFO] Rule 0: org.apache.maven.enforcer.rules.dependency.RequireUpperBoundDeps passed
[INFO] Rule 1: org.apache.maven.enforcer.rules.dependency.DependencyConvergence passed
[INFO] 
[INFO] --- checkstyle:3.3.1:check (validate) @ zxing-parent ---
[INFO] 
[INFO] <<< clirr:2.8:check (check-api) < compile @ zxing-parent <<<
[INFO] 
[INFO] 
[INFO] --- clirr:2.8:check (check-api) @ zxing-parent ---
[INFO] Not generating Clirr report as there are no classes generated by the project
[INFO] 
[INFO] --- apache-rat:0.16:check (default) @ zxing-parent ---
[INFO] Rat check: Summary over all files. Unapproved: 2, unknown: 2, generated: 0, approved: 162 licenses.
[WARNING] Files with unapproved licenses:
  android/res/values-nb
  sonar.bat

[WARNING] Rat check: 2 files with unapproved licenses. See RAT report in: C:\Users\Henrique\Documents\Github\reimo\pilot\data\repositories\zxing-master\target\rat.txt
[INFO] 
[INFO] --- install:3.1.1:install (default-install) @ zxing-parent ---
[INFO] Installing C:\Users\Henrique\Documents\Github\reimo\pilot\data\repositories\zxing-master\pom.xml to C:\Users\Henrique\.m2\repository\com\google\zxing\zxing-parent\3.5.4-SNAPSHOT\zxing-parent-3.5.4-SNAPSHOT.pom
[INFO] 
[INFO] -----------------------< com.google.zxing:core >------------------------
[INFO] Building ZXing Core 3.5.4-SNAPSHOT                                 [2/4]
[INFO]   from core\pom.xml
[INFO] --------------------------------[ jar ]---------------------------------
[INFO] 
[INFO] --- clean:3.3.2:clean (default-clean) @ core ---
[INFO] Deleting C:\Users\Henrique\Documents\Github\reimo\pilot\data\repositories\zxing-master\core\target
[INFO] Deleting C:\Users\Henrique\Documents\Github\reimo\pilot\data\repositories\zxing-master\core (includes = [**/classes/**, **/gwt-unitCache/**, **/webapp/generator/**, **/WEB-INF/deploy/**], excludes = [])
[INFO] 
[INFO] --- enforcer:3.4.1:enforce (enforce) @ core ---
[INFO] Rule 0: org.apache.maven.enforcer.rules.dependency.RequireUpperBoundDeps passed
[INFO] Rule 1: org.apache.maven.enforcer.rules.dependency.DependencyConvergence passed
[INFO] 
[INFO] --- checkstyle:3.3.1:check (validate) @ core ---
[INFO] 
[INFO] --- resources:3.3.1:resources (default-resources) @ core ---
[INFO] skip non existing resourceDirectory C:\Users\Henrique\Documents\Github\reimo\pilot\data\repositories\zxing-master\core\src\main\resources
[INFO] 
[INFO] --- compiler:3.12.1:compile (default-compile) @ core ---
[INFO] Recompiling the module because of changed source code.
[INFO] Compiling 238 source files with javac [debug target 1.8] to target\classes
[INFO] -------------------------------------------------------------
[WARNING] COMPILATION WARNING : 
[INFO] -------------------------------------------------------------
[WARNING] bootstrap class path not set in conjunction with -source 8
[INFO] 1 warning
[INFO] -------------------------------------------------------------
[INFO] -------------------------------------------------------------
[ERROR] COMPILATION ERROR : 
[INFO] -------------------------------------------------------------
[ERROR] /C:/Users/Henrique/Documents/Github/reimo/pilot/data/repositories/zxing-master/core/src/main/java/com/google/zxing/qrcode/encoder/MaskUtil.java:[186,24] cannot find symbol
  symbol:   method calculatePenalty(byte[][],int,int,boolean)
  location: class com.google.zxing.qrcode.encoder.MaskUtil
[INFO] 1 error
[INFO] -------------------------------------------------------------
[INFO] ------------------------------------------------------------------------
[INFO] Reactor Summary for ZXing 3.5.4-SNAPSHOT:
[INFO] 
[INFO] ZXing .............................................. SUCCESS [  6.191 s]
[INFO] ZXing Core ......................................... FAILURE [  6.271 s]
[INFO] ZXing Java SE extensions ........................... SKIPPED
[INFO] ZXing zxing.org web app ............................ SKIPPED
[INFO] ------------------------------------------------------------------------
[INFO] BUILD FAILURE
[INFO] ------------------------------------------------------------------------
[INFO] Total time:  12.637 s
[INFO] Finished at: 2025-07-11T13:57:10-03:00
[INFO] ------------------------------------------------------------------------
[ERROR] Failed to execute goal org.apache.maven.plugins:maven-compiler-plugin:3.12.1:compile (default-compile) on project core: Compilation failure
[ERROR] /C:/Users/Henrique/Documents/Github/reimo/pilot/data/repositories/zxing-master/core/src/main/java/com/google/zxing/qrcode/encoder/MaskUtil.java:[186,24] cannot find symbol
[ERROR]   symbol:   method calculatePenalty(byte[][],int,int,boolean)
[ERROR]   location: class com.google.zxing.qrcode.encoder.MaskUtil
[ERROR] 
[ERROR] -> [Help 1]
[ERROR] 
[ERROR] To see the full stack trace of the errors, re-run Maven with the -e switch.
[ERROR] Re-run Maven using the -X switch to enable full debug logging.
[ERROR] 
[ERROR] For more information about the errors and possible solutions, please read the following articles:
[ERROR] [Help 1] http://cwiki.apache.org/confluence/display/MAVEN/MojoFailureException
[ERROR] 
[ERROR] After correcting the problems, you can resume the build with the command
[ERROR]   mvn <args> -rf :core
